<?xml version="1.0" encoding="UTF-8"?>
<!-- Generated by org.testng.reporters.JUnitReportReporter -->
<testsuite hostname="DESKTOP-M4HISO1" failures="0" tests="1" name="Tests.Chatbot" time="61.278" errors="0" timestamp="2022-10-17T18:08:04 IST" skipped="0">
  <testcase classname="Tests.Chatbot" name="ChatBot" time="61.278"/>
  <system-out/>
</testsuite> <!-- Tests.Chatbot -->
