<?xml version="1.0" encoding="UTF-8"?>
<!-- Generated by org.testng.reporters.JUnitReportReporter -->
<testsuite hostname="DESKTOP-M4HISO1" failures="0" tests="2" name="Tests.LoginLogout" time="5.816" errors="0" timestamp="2022-10-17T18:08:04 IST" skipped="0">
  <testcase classname="Tests.LoginLogout" name="logoutflow" time="5.108"/>
  <system-out/>
  <testcase classname="Tests.LoginLogout" name="loginflow" time="0.708"/>
  <system-out/>
</testsuite> <!-- Tests.LoginLogout -->
