<?xml version="1.0" encoding="UTF-8"?>
<!-- Generated by org.testng.reporters.JUnitReportReporter -->
<testsuite hostname="DESKTOP-M4HISO1" failures="0" tests="1" name="Tests.Support" time="16.281" errors="0" timestamp="2022-10-17T10:20:20 IST" skipped="0">
  <testcase classname="Tests.Support" name="supportFlow" time="16.281"/>
  <system-out/>
</testsuite> <!-- Tests.Support -->
