<?xml version="1.0" encoding="UTF-8"?>
<!-- Generated by org.testng.reporters.JUnitReportReporter -->
<testsuite hostname="DESKTOP-M4HISO1" failures="0" tests="1" name="Tests.Settings" time="23.050" errors="0" timestamp="2022-10-17T10:20:20 IST" skipped="0">
  <testcase classname="Tests.Settings" name="settingsFlow" time="23.050"/>
  <system-out/>
</testsuite> <!-- Tests.Settings -->
