<?xml version="1.0" encoding="UTF-8"?>
<!-- Generated by org.testng.reporters.JUnitReportReporter -->
<testsuite hostname="DESKTOP-M4HISO1" failures="0" tests="1" name="Tests.Settings" time="22.993" errors="0" timestamp="2022-10-17T18:08:04 IST" skipped="0">
  <testcase classname="Tests.Settings" name="settingsFlow" time="22.993"/>
  <system-out/>
</testsuite> <!-- Tests.Settings -->
