<?xml version="1.0" encoding="UTF-8"?>
<!-- Generated by org.testng.reporters.JUnitReportReporter -->
<testsuite hostname="DESKTOP-M4HISO1" failures="0" tests="2" name="Tests.LoginLogout" time="5.729" errors="0" timestamp="2022-10-17T10:20:20 IST" skipped="0">
  <testcase classname="Tests.LoginLogout" name="loginflow" time="0.638"/>
  <system-out/>
  <testcase classname="Tests.LoginLogout" name="logoutflow" time="5.091"/>
  <system-out/>
</testsuite> <!-- Tests.LoginLogout -->
