<?xml version="1.0" encoding="UTF-8"?>
<!-- Generated by org.testng.reporters.JUnitReportReporter -->
<testsuite hostname="DESKTOP-M4HISO1" failures="0" tests="1" name="Tests.UploadAndAnalyse" time="20.828" errors="0" timestamp="2022-10-17T10:20:20 IST" skipped="0">
  <testcase classname="Tests.UploadAndAnalyse" name="UploadAndAnalyze" time="20.828"/>
  <system-out/>
</testsuite> <!-- Tests.UploadAndAnalyse -->
