<?xml version="1.0" encoding="UTF-8"?>
<!-- Generated by org.testng.reporters.JUnitReportReporter -->
<testsuite hostname="DESKTOP-M4HISO1" failures="0" tests="1" name="Tests.Chatbot" time="61.150" errors="0" timestamp="2022-10-13T17:10:05 IST" skipped="0">
  <testcase classname="Tests.Chatbot" name="ChatBot" time="61.150"/>
  <system-out/>
</testsuite> <!-- Tests.Chatbot -->
