<?xml version="1.0" encoding="UTF-8"?>
<!-- Generated by org.testng.reporters.JUnitReportReporter -->
<testsuite hostname="DESKTOP-M4HISO1" failures="0" tests="6" name="Tests.LoginLogout" time="26.934" errors="0" timestamp="2022-10-18T18:09:17 IST" skipped="0">
  <testcase classname="Tests.LoginLogout" name="iconVisibility" time="4.228"/>
  <system-out/>
  <testcase classname="Tests.LoginLogout" name="invalidPassword" time="4.422"/>
  <system-out/>
  <testcase classname="Tests.LoginLogout" name="loginflow" time="4.500"/>
  <system-out>
    <![CDATA[url=https://app.seconddentist.ai/#/authentication/signin]]>
  </system-out>
  <testcase classname="Tests.LoginLogout" name="emptyCredentials" time="4.263"/>
  <system-out/>
  <testcase classname="Tests.LoginLogout" name="invalidUserName" time="4.379"/>
  <system-out/>
  <testcase classname="Tests.LoginLogout" name="logoutflow" time="5.142"/>
  <system-out/>
</testsuite> <!-- Tests.LoginLogout -->
