<?xml version="1.0" encoding="UTF-8"?>
<!-- Generated by org.testng.reporters.JUnitReportReporter -->
<testsuite hostname="PallaviReddy" failures="0" tests="1" name="Tests.Chatbot" time="61.163" errors="0" timestamp="2022-10-13T16:39:32 IST" skipped="0">
  <testcase classname="Tests.Chatbot" name="ChatBot" time="61.163"/>
  <system-out/>
</testsuite> <!-- Tests.Chatbot -->
