<?xml version="1.0" encoding="UTF-8"?>
<!-- Generated by org.testng.reporters.JUnitReportReporter -->
<testsuite hostname="DESKTOP-M4HISO1" failures="0" tests="1" name="Tests.AddPatient" time="23.711" errors="0" timestamp="2022-10-13T17:10:05 IST" skipped="0">
  <testcase classname="Tests.AddPatient" name="AddPatient" time="23.711"/>
  <system-out/>
</testsuite> <!-- Tests.AddPatient -->
