<?xml version="1.0" encoding="UTF-8"?>
<!-- Generated by org.testng.reporters.JUnitReportReporter -->
<testsuite hostname="DESKTOP-4KCQT57" failures="0" tests="6" name="Pages.LoginLogout" time="30.632" errors="0" timestamp="2022-11-10T17:13:38 IST" skipped="0">
  <testcase classname="Pages.LoginLogout" name="invalidPassword" time="4.386"/>
  <system-out/>
  <testcase classname="Pages.LoginLogout" name="emptyCredentials" time="4.117"/>
  <system-out/>
  <testcase classname="Pages.LoginLogout" name="loginflow" time="10.353"/>
  <system-out>
    <![CDATA[url=https://app.seconddentist.ai/#/authentication/signin]]>
  </system-out>
  <testcase classname="Pages.LoginLogout" name="iconVisibility" time="4.320"/>
  <system-out/>
  <testcase classname="Pages.LoginLogout" name="logoutflow" time="3.163"/>
  <system-out/>
  <testcase classname="Pages.LoginLogout" name="invalidUserName" time="4.293"/>
  <system-out/>
</testsuite> <!-- Pages.LoginLogout -->
