<?xml version="1.0" encoding="UTF-8"?>
<!-- Generated by org.testng.reporters.JUnitReportReporter -->
<testsuite hostname="DESKTOP-4KCQT57" failures="0" tests="3" name="Pages.AddPatient" time="27.914" errors="0" timestamp="2022-11-09T17:05:00 IST" skipped="0">
  <testcase classname="Pages.AddPatient" name="addPatientbtn" time="0.024"/>
  <system-out/>
  <testcase classname="Pages.AddPatient" name="addPatientWithInvalidName" time="14.814"/>
  <system-out/>
  <testcase classname="Pages.AddPatient" name="addPatient" time="13.076"/>
  <system-out/>
</testsuite> <!-- Pages.AddPatient -->
