<?xml version="1.0" encoding="UTF-8"?>
<!-- Generated by org.testng.reporters.JUnitReportReporter -->
<testsuite hostname="DESKTOP-4KCQT57" failures="0" tests="5" name="Tests.Settings" time="23.879" errors="0" timestamp="2022-11-04T15:42:09 IST" skipped="0">
  <testcase classname="Tests.Settings" name="settingsFlow2" time="8.532"/>
  <system-out/>
  <testcase classname="Tests.Settings" name="settingsFlow4" time="0.135"/>
  <system-out/>
  <testcase classname="Tests.Settings" name="settingsFlow3" time="2.480"/>
  <system-out/>
  <testcase classname="Tests.Settings" name="settingsFlow" time="6.822"/>
  <system-out/>
  <testcase classname="Tests.Settings" name="settingsFlow5" time="5.910"/>
  <system-out/>
</testsuite> <!-- Tests.Settings -->
