<?xml version="1.0" encoding="UTF-8"?>
<!-- Generated by org.testng.reporters.JUnitReportReporter -->
<testsuite hostname="DESKTOP-4KCQT57" failures="0" tests="1" name="Pages.Support" time="21.315" errors="0" timestamp="2022-11-10T17:13:38 IST" skipped="0">
  <testcase classname="Pages.Support" name="supportFlow" time="21.315"/>
  <system-out/>
</testsuite> <!-- Pages.Support -->
