<?xml version="1.0" encoding="UTF-8"?>
<!-- Generated by org.testng.reporters.JUnitReportReporter -->
<testsuite hostname="DESKTOP-4KCQT57" failures="0" tests="5" name="Pages.Settings" time="23.489" errors="0" timestamp="2022-11-10T17:13:38 IST" skipped="0">
  <testcase classname="Pages.Settings" name="settingsFlow4" time="0.135"/>
  <system-out/>
  <testcase classname="Pages.Settings" name="settingsFlow5" time="5.923"/>
  <system-out/>
  <testcase classname="Pages.Settings" name="settingsFlow3" time="2.387"/>
  <system-out/>
  <testcase classname="Pages.Settings" name="settingsFlow2" time="8.157"/>
  <system-out/>
  <testcase classname="Pages.Settings" name="settingsFlow" time="6.887"/>
  <system-out/>
</testsuite> <!-- Pages.Settings -->
