<?xml version="1.0" encoding="UTF-8"?>
<!-- Generated by org.testng.reporters.JUnitReportReporter -->
<testsuite hostname="DESKTOP-4KCQT57" failures="0" tests="1" name="Pages.Chatbot" time="46.702" errors="0" timestamp="2022-11-09T17:05:00 IST" skipped="0">
  <testcase classname="Pages.Chatbot" name="ChatBot" time="46.702"/>
  <system-out/>
</testsuite> <!-- Pages.Chatbot -->
