<?xml version="1.0" encoding="UTF-8"?>
<!-- Generated by org.testng.reporters.JUnitReportReporter -->
<testsuite hostname="DESKTOP-4KCQT57" failures="0" tests="1" name="Pages.Support" time="22.758" errors="0" timestamp="2022-11-09T17:05:00 IST" skipped="0">
  <testcase classname="Pages.Support" name="supportFlow" time="22.758"/>
  <system-out/>
</testsuite> <!-- Pages.Support -->
