<?xml version="1.0" encoding="UTF-8"?>
<!-- Generated by org.testng.reporters.JUnitReportReporter -->
<testsuite hostname="DESKTOP-4KCQT57" failures="0" tests="1" name="Tests.Patient" time="8.131" errors="0" timestamp="2022-11-04T15:42:10 IST" skipped="0">
  <testcase classname="Tests.Patient" name="PatientVisits" time="8.131"/>
  <system-out/>
</testsuite> <!-- Tests.Patient -->
