<?xml version="1.0" encoding="UTF-8"?>
<!-- Generated by org.testng.reporters.JUnitReportReporter -->
<testsuite hostname="DESKTOP-4KCQT57" failures="0" tests="3" name="Tests.AddPatient" time="27.836" errors="0" timestamp="2022-11-04T15:42:10 IST" skipped="0">
  <testcase classname="Tests.AddPatient" name="addPatient" time="12.958"/>
  <system-out/>
  <testcase classname="Tests.AddPatient" name="addPatientWithInvalidName" time="14.852"/>
  <system-out/>
  <testcase classname="Tests.AddPatient" name="addPatientbtn" time="0.026"/>
  <system-out/>
</testsuite> <!-- Tests.AddPatient -->
