<?xml version="1.0" encoding="UTF-8"?>
<!-- Generated by org.testng.reporters.JUnitReportReporter -->
<testsuite hostname="DESKTOP-4KCQT57" failures="0" tests="2" name="Tests.SearchPatient" time="10.859" errors="0" timestamp="2022-11-04T15:42:09 IST" skipped="0">
  <testcase classname="Tests.SearchPatient" name="searchPatientNegFlow" time="4.305"/>
  <system-out/>
  <testcase classname="Tests.SearchPatient" name="searchPatientFlow" time="6.554"/>
  <system-out/>
</testsuite> <!-- Tests.SearchPatient -->
