<?xml version="1.0" encoding="UTF-8"?>
<!-- Generated by org.testng.reporters.JUnitReportReporter -->
<testsuite hostname="DESKTOP-4KCQT57" failures="0" tests="1" name="Tests.Support" time="25.430" errors="0" timestamp="2022-11-04T15:42:09 IST" skipped="0">
  <testcase classname="Tests.Support" name="supportFlow" time="25.430"/>
  <system-out/>
</testsuite> <!-- Tests.Support -->
