<?xml version="1.0" encoding="UTF-8"?>
<!-- Generated by org.testng.reporters.JUnitReportReporter -->
<testsuite hostname="DESKTOP-4KCQT57" failures="0" tests="6" name="Tests.LoginLogout" time="30.758" errors="0" timestamp="2022-11-04T15:42:09 IST" skipped="0">
  <testcase classname="Tests.LoginLogout" name="invalidPassword" time="4.564"/>
  <system-out/>
  <testcase classname="Tests.LoginLogout" name="loginflow" time="10.360"/>
  <system-out>
    <![CDATA[url=https://app.seconddentist.ai/#/authentication/signin]]>
  </system-out>
  <testcase classname="Tests.LoginLogout" name="emptyCredentials" time="4.174"/>
  <system-out/>
  <testcase classname="Tests.LoginLogout" name="iconVisibility" time="4.219"/>
  <system-out/>
  <testcase classname="Tests.LoginLogout" name="logoutflow" time="3.150"/>
  <system-out/>
  <testcase classname="Tests.LoginLogout" name="invalidUserName" time="4.291"/>
  <system-out/>
</testsuite> <!-- Tests.LoginLogout -->
