<?xml version="1.0" encoding="UTF-8"?>
<!-- Generated by org.testng.reporters.JUnitReportReporter -->
<testsuite hostname="DESKTOP-4KCQT57" failures="0" tests="3" name="Pages.AddPatient" time="27.833" errors="0" timestamp="2022-11-10T17:13:38 IST" skipped="0">
  <testcase classname="Pages.AddPatient" name="addPatientbtn" time="0.027"/>
  <system-out/>
  <testcase classname="Pages.AddPatient" name="addPatient" time="12.979"/>
  <system-out/>
  <testcase classname="Pages.AddPatient" name="addPatientWithInvalidName" time="14.827"/>
  <system-out/>
</testsuite> <!-- Pages.AddPatient -->
