<?xml version="1.0" encoding="UTF-8"?>
<!-- Generated by org.testng.reporters.JUnitReportReporter -->
<testsuite hostname="DESKTOP-4KCQT57" failures="0" tests="2" name="Pages.SearchPatient" time="10.798" errors="0" timestamp="2022-11-10T17:13:38 IST" skipped="0">
  <testcase classname="Pages.SearchPatient" name="searchPatientFlow" time="6.514"/>
  <system-out/>
  <testcase classname="Pages.SearchPatient" name="searchPatientNegFlow" time="4.284"/>
  <system-out/>
</testsuite> <!-- Pages.SearchPatient -->
