<?xml version="1.0" encoding="UTF-8"?>
<!-- Generated by org.testng.reporters.JUnitReportReporter -->
<testsuite hostname="DESKTOP-4KCQT57" failures="0" tests="5" name="Pages.Settings" time="23.539" errors="0" timestamp="2022-11-09T17:05:00 IST" skipped="0">
  <testcase classname="Pages.Settings" name="settingsFlow" time="6.774"/>
  <system-out/>
  <testcase classname="Pages.Settings" name="settingsFlow2" time="8.202"/>
  <system-out/>
  <testcase classname="Pages.Settings" name="settingsFlow4" time="0.165"/>
  <system-out/>
  <testcase classname="Pages.Settings" name="settingsFlow5" time="6.059"/>
  <system-out/>
  <testcase classname="Pages.Settings" name="settingsFlow3" time="2.339"/>
  <system-out/>
</testsuite> <!-- Pages.Settings -->
